<?xml version="1.0" encoding="UTF-8"?>
<!-- Generated by org.testng.reporters.JUnitReportReporter -->
<testsuite hostname="LS_sudheerkumar_r" name="com.selenium.day23.modules.account.CreateAccount" tests="2" failures="0" timestamp="14 Feb 2015 03:25:30 GMT" time="28.999" errors="0">
  <testcase name="createAccountInValidMail" time="13.481" classname="com.selenium.day23.modules.account.CreateAccount"/>
  <testcase name="createAccountValidCredentials" time="15.518" classname="com.selenium.day23.modules.account.CreateAccount"/>
</testsuite> <!-- com.selenium.day23.modules.account.CreateAccount -->
